<?xml version="1.0" encoding="UTF-8"?>
<coverage generated="1785497175819" clover="3.2.0">
  <project timestamp="1785497175820" name="All files">
    <metrics statements="32" coveredstatements="31" conditionals="6" coveredconditionals="5" methods="5" coveredmethods="5" elements="43" coveredelements="41" complexity="0" loc="32" ncloc="32" packages="1" files="1" classes="1"/>
    <file name="students.js" path="C:\Users\BSAHNGWAIN\Desktop\Internship\curriculum\backend-track\week-03\day-03\exercises\controllers\students.js">
      <metrics statements="32" coveredstatements="31" conditionals="6" coveredconditionals="5" methods="5" coveredmethods="5"/>
      <line num="8" count="2" type="stmt"/>
      <line num="9" count="2" type="stmt"/>
      <line num="10" count="1" type="stmt"/>
      <line num="12" count="1" type="stmt"/>
      <line num="17" count="2" type="stmt"/>
      <line num="18" count="2" type="stmt"/>
      <line num="19" count="1" type="cond" truecount="1" falsecount="1"/>
      <line num="20" count="1" type="stmt"/>
      <line num="21" count="1" type="stmt"/>
      <line num="22" count="1" type="stmt"/>
      <line num="24" count="0" type="stmt"/>
      <line num="26" count="1" type="stmt"/>
      <line num="31" count="2" type="stmt"/>
      <line num="32" count="2" type="stmt"/>
      <line num="33" count="1" type="stmt"/>
      <line num="35" count="1" type="stmt"/>
      <line num="40" count="3" type="stmt"/>
      <line num="41" count="3" type="stmt"/>
      <line num="45" count="2" type="cond" truecount="2" falsecount="0"/>
      <line num="46" count="1" type="stmt"/>
      <line num="47" count="1" type="stmt"/>
      <line num="48" count="1" type="stmt"/>
      <line num="50" count="1" type="stmt"/>
      <line num="52" count="1" type="stmt"/>
      <line num="57" count="3" type="stmt"/>
      <line num="58" count="3" type="stmt"/>
      <line num="59" count="2" type="cond" truecount="2" falsecount="0"/>
      <line num="60" count="1" type="stmt"/>
      <line num="61" count="1" type="stmt"/>
      <line num="62" count="1" type="stmt"/>
      <line num="64" count="1" type="stmt"/>
      <line num="66" count="1" type="stmt"/>
    </file>
  </project>
</coverage>
