{"C:\\Users\\BSAHNGWAIN\\Desktop\\Internship\\curriculum\\backend-track\\week-03\\day-03\\exercises\\controllers\\students.js": {"path":"C:\\Users\\BSAHNGWAIN\\Desktop\\Internship\\curriculum\\backend-track\\week-03\\day-03\\exercises\\controllers\\students.js","statementMap":{"0":{"start":{"line":8,"column":2},"end":{"line":13,"column":3}},"1":{"start":{"line":9,"column":21},"end":{"line":9,"column":41}},"2":{"start":{"line":10,"column":4},"end":{"line":10,"column":27}},"3":{"start":{"line":12,"column":4},"end":{"line":12,"column":16}},"4":{"start":{"line":17,"column":2},"end":{"line":27,"column":3}},"5":{"start":{"line":18,"column":20},"end":{"line":18,"column":57}},"6":{"start":{"line":19,"column":4},"end":{"line":23,"column":5}},"7":{"start":{"line":20,"column":18},"end":{"line":20,"column":48}},"8":{"start":{"line":21,"column":6},"end":{"line":21,"column":27}},"9":{"start":{"line":22,"column":6},"end":{"line":22,"column":23}},"10":{"start":{"line":24,"column":4},"end":{"line":24,"column":22}},"11":{"start":{"line":26,"column":4},"end":{"line":26,"column":16}},"12":{"start":{"line":31,"column":2},"end":{"line":36,"column":3}},"13":{"start":{"line":32,"column":23},"end":{"line":32,"column":53}},"14":{"start":{"line":33,"column":4},"end":{"line":33,"column":37}},"15":{"start":{"line":35,"column":4},"end":{"line":35,"column":16}},"16":{"start":{"line":40,"column":2},"end":{"line":53,"column":3}},"17":{"start":{"line":41,"column":27},"end":{"line":44,"column":6}},"18":{"start":{"line":45,"column":4},"end":{"line":49,"column":5}},"19":{"start":{"line":46,"column":18},"end":{"line":46,"column":48}},"20":{"start":{"line":47,"column":6},"end":{"line":47,"column":27}},"21":{"start":{"line":48,"column":6},"end":{"line":48,"column":23}},"22":{"start":{"line":50,"column":4},"end":{"line":50,"column":29}},"23":{"start":{"line":52,"column":4},"end":{"line":52,"column":16}},"24":{"start":{"line":57,"column":2},"end":{"line":67,"column":3}},"25":{"start":{"line":58,"column":27},"end":{"line":58,"column":73}},"26":{"start":{"line":59,"column":4},"end":{"line":63,"column":5}},"27":{"start":{"line":60,"column":18},"end":{"line":60,"column":48}},"28":{"start":{"line":61,"column":6},"end":{"line":61,"column":27}},"29":{"start":{"line":62,"column":6},"end":{"line":62,"column":23}},"30":{"start":{"line":64,"column":4},"end":{"line":64,"column":26}},"31":{"start":{"line":66,"column":4},"end":{"line":66,"column":16}}},"fnMap":{"0":{"name":"listStudents","decl":{"start":{"line":7,"column":22},"end":{"line":7,"column":34}},"loc":{"start":{"line":7,"column":51},"end":{"line":14,"column":1}},"line":7},"1":{"name":"getStudent","decl":{"start":{"line":16,"column":22},"end":{"line":16,"column":32}},"loc":{"start":{"line":16,"column":49},"end":{"line":28,"column":1}},"line":16},"2":{"name":"createStudent","decl":{"start":{"line":30,"column":22},"end":{"line":30,"column":35}},"loc":{"start":{"line":30,"column":52},"end":{"line":37,"column":1}},"line":30},"3":{"name":"updateStudent","decl":{"start":{"line":39,"column":22},"end":{"line":39,"column":35}},"loc":{"start":{"line":39,"column":52},"end":{"line":54,"column":1}},"line":39},"4":{"name":"deleteStudent","decl":{"start":{"line":56,"column":22},"end":{"line":56,"column":35}},"loc":{"start":{"line":56,"column":52},"end":{"line":68,"column":1}},"line":56}},"branchMap":{"0":{"loc":{"start":{"line":19,"column":4},"end":{"line":23,"column":5}},"type":"if","locations":[{"start":{"line":19,"column":4},"end":{"line":23,"column":5}},{"start":{},"end":{}}],"line":19},"1":{"loc":{"start":{"line":45,"column":4},"end":{"line":49,"column":5}},"type":"if","locations":[{"start":{"line":45,"column":4},"end":{"line":49,"column":5}},{"start":{},"end":{}}],"line":45},"2":{"loc":{"start":{"line":59,"column":4},"end":{"line":63,"column":5}},"type":"if","locations":[{"start":{"line":59,"column":4},"end":{"line":63,"column":5}},{"start":{},"end":{}}],"line":59}},"s":{"0":2,"1":2,"2":1,"3":1,"4":2,"5":2,"6":1,"7":1,"8":1,"9":1,"10":0,"11":1,"12":2,"13":2,"14":1,"15":1,"16":3,"17":3,"18":2,"19":1,"20":1,"21":1,"22":1,"23":1,"24":3,"25":3,"26":2,"27":1,"28":1,"29":1,"30":1,"31":1},"f":{"0":2,"1":2,"2":2,"3":3,"4":3},"b":{"0":[1,0],"1":[1,1],"2":[1,1]},"_coverageSchema":"1a1c01bbd47fc00a2c39e90264f33305004495a9","hash":"2c67b2e84c4a535016687db5b35f1f0b2d5b20ac"}
}
