TN:
SF:controllers\students.js
FN:7,listStudents
FN:16,getStudent
FN:30,createStudent
FN:39,updateStudent
FN:56,deleteStudent
FNF:5
FNH:5
FNDA:2,listStudents
FNDA:2,getStudent
FNDA:2,createStudent
FNDA:3,updateStudent
FNDA:3,deleteStudent
DA:8,2
DA:9,2
DA:10,1
DA:12,1
DA:17,2
DA:18,2
DA:19,1
DA:20,1
DA:21,1
DA:22,1
DA:24,0
DA:26,1
DA:31,2
DA:32,2
DA:33,1
DA:35,1
DA:40,3
DA:41,3
DA:45,2
DA:46,1
DA:47,1
DA:48,1
DA:50,1
DA:52,1
DA:57,3
DA:58,3
DA:59,2
DA:60,1
DA:61,1
DA:62,1
DA:64,1
DA:66,1
LF:32
LH:31
BRDA:19,0,0,1
BRDA:19,0,1,0
BRDA:45,1,0,1
BRDA:45,1,1,1
BRDA:59,2,0,1
BRDA:59,2,1,1
BRF:6
BRH:5
end_of_record
